Arguments: 
  /home/chan/.nvm/versions/node/v18.7.0/bin/node /home/chan/.nvm/versions/node/v18.7.0/bin/yarn init

PATH: 
  /home/chan/.nvm/versions/node/v18.7.0/bin:/home/chan/.cargo/bin:/home/chan/.local/bin:/home/chan/.local/bin:/home/chan/.local/bin:/home/chan/.local/bin:/usr/local/sbin:/usr/local/bin:/usr/sbin:/usr/bin:/sbin:/bin:/usr/games:/usr/local/games:/snap/bin:/snap/bin:/home/chan/Android/Sdk/emulator:/home/chan/Android/Sdk/platform-tools

Yarn version: 
  1.22.19

Node version: 
  18.7.0

Platform: 
  linux x64

Trace: 
  Error: canceled
      at Interface.<anonymous> (/home/chan/.nvm/versions/node/v18.7.0/lib/node_modules/yarn/lib/cli.js:137150:13)
      at Interface.emit (node:events:513:28)
      at [_ttyWrite] [as _ttyWrite] (node:internal/readline/interface:1124:18)
      at ReadStream.onkeypress (node:internal/readline/interface:273:20)
      at ReadStream.emit (node:events:513:28)
      at emitKeys (node:internal/readline/utils:357:14)
      at emitKeys.next (<anonymous>)
      at ReadStream.onData (node:internal/readline/emitKeypressEvents:64:36)
      at ReadStream.emit (node:events:513:28)
      at addChunk (node:internal/streams/readable:324:12)

npm manifest: 
  No manifest

yarn manifest: 
  No manifest

Lockfile: 
  No lockfile
